<?xml version="1.0"?>

<root available-locales="en_US" default-locale="en_US">
	<dynamic-element index-type="keyword" instance-id="sfry" name="MyColor" type="ddm-color">
		<dynamic-content language-id="en_US"><![CDATA[#FF0000]]></dynamic-content>
	</dynamic-element>
</root>