<?xml version="1.0"?>

<root available-locales="en_US" default-locale="en_US">
	<dynamic-element index-type="keyword" instance-id="yjvi" name="MyNumber" type="ddm-number">
		<dynamic-content language-id="en_US"><![CDATA[-1.2]]></dynamic-content>
	</dynamic-element>
</root>