<?xml version="1.0" encoding="UTF-8"?>

<root available-locales="en_US" default-locale="en_US">
	<dynamic-element index-type="keyword" instance-id="uagp" name="myBoolean" type="boolean">
		<dynamic-content language-id="en_US"><![CDATA[true]]></dynamic-content>
	</dynamic-element>
</root>