<?xml version="1.0"?>

<root available-locales="en_US" default-locale="en_US">
	<dynamic-element index-type="keyword" instance-id="eaov" name="MyDate" type="ddm-date">
		<dynamic-content language-id="en_US"><![CDATA[2018-10-13]]></dynamic-content>
	</dynamic-element>
</root>