<?xml version="1.0"?>

<root available-locales="en_US" default-locale="en_US">
	<dynamic-element index-type="keyword" instance-id="fgnp" name="MyText" type="text">
		<dynamic-content language-id="en_US"><![CDATA[abc]]></dynamic-content>
	</dynamic-element>
</root>