<?xml version="1.0" encoding="UTF-8"?>

<root available-locales="es_ES,en_US" default-locale="en_US">
	<dynamic-element index-type="keyword" name="StructuredContentApioTestBundleActivatorTextFieldName" type="text">
		<dynamic-content language-id="es_ES"><![CDATA[TextFieldValue_es]]></dynamic-content>
		<dynamic-content language-id="en_US"><![CDATA[TextFieldValue_us]]></dynamic-content>
		<dynamic-element index-type="keyword" name="StructuredContentApioTestBundleActivatorNestedTextFieldName" type="text">
			<dynamic-content language-id="es_ES"><![CDATA[NestedTextFieldValue_es]]></dynamic-content>
			<dynamic-content language-id="en_US"><![CDATA[NestedTextFieldValue_us]]></dynamic-content>
		</dynamic-element>
	</dynamic-element>
	<request/>
</root>