<?xml version="1.0"?>

<root available-locales="en_US" default-locale="en_US">
	<dynamic-element index-type="keyword" instance-id="klrb" name="MyRadio" type="radio">
		<dynamic-content language-id="en_US">
			<![CDATA[value 1]]></dynamic-content>
	</dynamic-element>
</root>